Arguments: 
  /usr/bin/node /usr/bin/yarn install

PATH: 
  /home/vagrant/.composer/vendor/bin:/usr/local/go/bin:/usr/local/sbin:/usr/local/bin:/usr/sbin:/usr/bin:/sbin:/bin:/usr/games:/usr/local/games:/snap/bin

Yarn version: 
  1.7.0

Node version: 
  8.11.2

Platform: 
  linux x64

Trace: 
  Error: EPROTO: protocol error, symlink '../../../semver/bin/semver' -> '/home/vagrant/Code/konnection/node_modules/accord/node_modules/.bin/semver'

npm manifest: 
  {
    "private": true,
    "devDependencies": {
      "gulp": "^3.8.8",
      "laravel-elixir": "*"
    }
  }

yarn manifest: 
  No manifest

Lockfile: 
  No lockfile
